/Users/kevinmartinfernandez/opt/anaconda3/envs/M6_Video/bin/python /Users/kevinmartinfernandez/SharedFolder/M6_Video/Week4/task1_grid.py
Clipping input data to the valid range for imshow with RGB data ([0..1] for floats or [0..255] for integers).
---------------------------------
4 4 backward full SAD 4
MSEN: 11.388899532751406
PEPN: 86.39605099204447
--- 12.995829105377197 seconds ---
---------------------------------
4 4 backward full SSD 4
MSEN: 11.345785436941458
PEPN: 85.76535991565225
--- 12.985306978225708 seconds ---
---------------------------------
4 4 backward full MAE 4
MSEN: 11.388899532751406
PEPN: 86.39605099204447
--- 19.068138360977173 seconds ---
---------------------------------
4 4 backward full MSE 4
MSEN: 11.345785436941458
PEPN: 85.76535991565225
--- 19.142695903778076 seconds ---
---------------------------------
4 8 backward full SAD 4
MSEN: 12.575656158785003
PEPN: 91.33710342183457
--- 48.91220831871033 seconds ---
---------------------------------
4 8 backward full SSD 4
MSEN: 12.515333629006212
PEPN: 90.53867535704016
--- 51.39005708694458 seconds ---
---------------------------------
4 8 backward full MAE 4
MSEN: 12.575656158785003
PEPN: 91.33710342183457
--- 72.19117903709412 seconds ---
---------------------------------
4 8 backward full MSE 4
MSEN: 12.515333629006212
PEPN: 90.53867535704016
--- 73.16199922561646 seconds ---
---------------------------------
4 16 backward full SAD 4
MSEN: 16.00245251690662
PEPN: 95.13371034218345
--- 190.71669602394104 seconds ---
---------------------------------
4 16 backward full SSD 4
MSEN: 15.7848252378672
PEPN: 93.9748873765935
--- 193.6389389038086 seconds ---
---------------------------------
4 16 backward full MAE 4
MSEN: 16.00245251690662
PEPN: 95.13371034218345
--- 285.69633197784424 seconds ---
---------------------------------
4 16 backward full MSE 4
MSEN: 15.7848252378672
PEPN: 93.9748873765935
--- 288.77769231796265 seconds ---
---------------------------------
4 32 backward full SAD 4
MSEN: 23.304042366021818
PEPN: 96.79670277005656
--- 732.5438792705536 seconds ---
---------------------------------
4 32 backward full SSD 4
MSEN: 23.066221510211975
PEPN: 95.80082430748587
--- 747.5508379936218 seconds ---
---------------------------------
4 32 backward full MAE 4
MSEN: 23.304042366021818
PEPN: 96.79670277005656
--- 1107.3657019138336 seconds ---
---------------------------------
4 32 backward full MSE 4
MSEN: 23.066221510211975
PEPN: 95.80082430748587
--- 1111.5038442611694 seconds ---
---------------------------------
8 4 backward full SAD 4
MSEN: 11.409589163451033
PEPN: 85.87175309115307
--- 3.546477794647217 seconds ---
---------------------------------
8 4 backward full SSD 4
MSEN: 11.27597061807605
PEPN: 84.51547972778684
--- 3.612860918045044 seconds ---
---------------------------------
8 4 backward full MAE 4
MSEN: 11.409589163451033
PEPN: 85.87175309115307
--- 5.054551124572754 seconds ---
---------------------------------
8 4 backward full MSE 4
MSEN: 11.27597061807605
PEPN: 84.51547972778684
--- 5.094593048095703 seconds ---
---------------------------------
8 8 backward full SAD 4
MSEN: 12.825441057434643
PEPN: 91.01121441579603
--- 12.819000959396362 seconds ---
---------------------------------
8 8 backward full SSD 4
MSEN: 12.423943809964076
PEPN: 88.28716572414454
--- 12.797351121902466 seconds ---
---------------------------------
8 8 backward full MAE 4
MSEN: 12.825441057434643
PEPN: 91.01121441579603
--- 18.93669891357422 seconds ---
---------------------------------
8 8 backward full MSE 4
MSEN: 12.423943809964076
PEPN: 88.28716572414454
--- 18.77822518348694 seconds ---
---------------------------------
8 16 backward full SAD 4
MSEN: 17.019769601259714
PEPN: 95.31678328381098
--- 48.16554594039917 seconds ---
---------------------------------
8 16 backward full SSD 4
MSEN: 14.938746314480293
PEPN: 90.54921882488259
--- 49.451375007629395 seconds ---
---------------------------------
8 16 backward full MAE 4
MSEN: 17.019769601259714
PEPN: 95.31678328381098
--- 73.67773795127869 seconds ---
---------------------------------
8 16 backward full MSE 4
MSEN: 14.938746314480293
PEPN: 90.54921882488259
--- 72.69384384155273 seconds ---
---------------------------------
8 32 backward full SAD 4
MSEN: 25.87879340277555
PEPN: 97.1570976708521
--- 185.91025018692017 seconds ---
---------------------------------
8 32 backward full SSD 4
MSEN: 20.79275246520785
PEPN: 91.98600594268187
--- 190.59930896759033 seconds ---
---------------------------------
8 32 backward full MAE 4
MSEN: 25.87879340277555
PEPN: 97.1570976708521
--- 277.9962160587311 seconds ---
---------------------------------
8 32 backward full MSE 4
MSEN: 20.79275246520785
PEPN: 91.98600594268187
--- 279.2726740837097 seconds ---
---------------------------------
16 4 backward full SAD 4
MSEN: 11.303400165992937
PEPN: 84.16275280360395
--- 1.3321568965911865 seconds ---
---------------------------------
16 4 backward full SSD 4
MSEN: 11.20117844515832
PEPN: 84.19725869836097
--- 1.3162469863891602 seconds ---
---------------------------------
16 4 backward full MAE 4
MSEN: 11.303400165992937
PEPN: 84.16275280360395
--- 1.7237098217010498 seconds ---
---------------------------------
16 4 backward full MSE 4
MSEN: 11.20117844515832
PEPN: 84.19725869836097
--- 1.771305799484253 seconds ---
---------------------------------
16 8 backward full SAD 4
MSEN: 12.66119349731527
PEPN: 87.09862934918048
--- 4.148485898971558 seconds ---
---------------------------------
16 8 backward full SSD 4
MSEN: 12.141228858672307
PEPN: 86.02798811463626
--- 4.248165845870972 seconds ---
---------------------------------
16 8 backward full MAE 4
MSEN: 12.66119349731527
PEPN: 87.09862934918048
--- 5.704064846038818 seconds ---
---------------------------------
16 8 backward full MSE 4
MSEN: 12.141228858672307
PEPN: 86.02798811463626
--- 5.741269111633301 seconds ---
---------------------------------
16 16 backward full SAD 4
MSEN: 17.27510488643734
PEPN: 93.35953225342662
--- 14.106693983078003 seconds ---
---------------------------------
16 16 backward full SSD 4
MSEN: 14.638412319327786
PEPN: 88.03220550177322
--- 14.031557083129883 seconds ---
---------------------------------
16 16 backward full MAE 4
MSEN: 17.27510488643734
PEPN: 93.35953225342662
--- 19.871284008026123 seconds ---
---------------------------------
16 16 backward full MSE 4
MSEN: 14.638412319327786
PEPN: 88.03220550177322
--- 19.791373014450073 seconds ---
---------------------------------
16 32 backward full SAD 4
MSEN: 27.590330731566134
PEPN: 96.03182210294258
--- 52.42911219596863 seconds ---
---------------------------------
16 32 backward full SSD 4
MSEN: 19.078401872555823
PEPN: 89.06546535033068
--- 53.297959327697754 seconds ---
---------------------------------
16 32 backward full MAE 4
MSEN: 27.590330731566134
PEPN: 96.03182210294258
--- 75.63058090209961 seconds ---
---------------------------------
16 32 backward full MSE 4
MSEN: 19.078401872555823
PEPN: 89.06546535033068
--- 76.76303720474243 seconds ---
---------------------------------
32 4 backward full SAD 4
MSEN: 11.010508005375693
PEPN: 81.55180676698936
--- 0.8017063140869141 seconds ---
---------------------------------
32 4 backward full SSD 4
MSEN: 10.91607071084746
PEPN: 80.28946611712834
--- 0.7182791233062744 seconds ---
---------------------------------
32 4 backward full MAE 4
MSEN: 11.010508005375693
PEPN: 81.55180676698936
--- 0.8122859001159668 seconds ---
---------------------------------
32 4 backward full MSE 4
MSEN: 10.91607071084746
PEPN: 80.28946611712834
--- 0.8112373352050781 seconds ---
---------------------------------
32 8 backward full SAD 4
MSEN: 12.028401519954098
PEPN: 84.2557270200326
--- 1.5521771907806396 seconds ---
---------------------------------
32 8 backward full SSD 4
MSEN: 11.840522372114346
PEPN: 82.81702290808013
--- 1.6306049823760986 seconds ---
---------------------------------
32 8 backward full MAE 4
MSEN: 12.028401519954098
PEPN: 84.2557270200326
--- 1.8632502555847168 seconds ---
---------------------------------
32 8 backward full MSE 4
MSEN: 11.840522372114346
PEPN: 82.81702290808013
--- 1.9086689949035645 seconds ---
---------------------------------
32 16 backward full SAD 4
MSEN: 16.55204451513798
PEPN: 91.35435636921308
--- 4.6529381275177 seconds ---
---------------------------------
32 16 backward full SSD 4
MSEN: 13.991629339594104
PEPN: 85.75194095658009
--- 4.743573904037476 seconds ---
---------------------------------
32 16 backward full MAE 4
MSEN: 16.55204451513798
PEPN: 91.35435636921308
--- 5.820638179779053 seconds ---
---------------------------------
32 16 backward full MSE 4
MSEN: 13.991629339594104
PEPN: 85.75194095658009
--- 5.898456811904907 seconds ---
---------------------------------
32 32 backward full SAD 4
MSEN: 26.166179486532066
PEPN: 94.21067765743314
--- 16.07617998123169 seconds ---
---------------------------------
32 32 backward full SSD 4
MSEN: 17.183741628951495
PEPN: 86.0969999041503
--- 16.054699897766113 seconds ---
---------------------------------
32 32 backward full MAE 4
MSEN: 26.166179486532066
PEPN: 94.21067765743314
--- 21.429324865341187 seconds ---
---------------------------------
32 32 backward full MSE 4
MSEN: 17.183741628951495
PEPN: 86.0969999041503
--- 21.606130838394165 seconds ---
---------------------------------
4 4 backward cv2 cv2.TM_CCOEFF 4
MSEN: 11.708466061594638
PEPN: 89.21115690597144
--- 1.4493980407714844 seconds ---
---------------------------------
4 4 backward cv2 cv2.TM_CCOEFF_NORMED 4
MSEN: 11.739298198516439
PEPN: 88.93798523914502
--- 1.360748052597046 seconds ---
---------------------------------
4 4 backward cv2 cv2.TM_CCORR 4
MSEN: 12.117170494349644
PEPN: 92.84290232914789
--- 1.2772457599639893 seconds ---
---------------------------------
4 4 backward cv2 cv2.TM_CCORR_NORMED 4
MSEN: 11.953369081501013
PEPN: 89.44886418096425
--- 1.3830039501190186 seconds ---
---------------------------------
4 8 backward cv2 cv2.TM_CCOEFF 4
MSEN: 13.550983849995253
PEPN: 93.77456148758746
--- 1.6828479766845703 seconds ---
---------------------------------
4 8 backward cv2 cv2.TM_CCOEFF_NORMED 4
MSEN: 13.378239410665058
PEPN: 91.72721173200422
--- 1.7944610118865967 seconds ---
---------------------------------
4 8 backward cv2 cv2.TM_CCORR 4
MSEN: 14.612772694642766
PEPN: 96.59829387520368
--- 1.640899658203125 seconds ---
---------------------------------
4 8 backward cv2 cv2.TM_CCORR_NORMED 4
MSEN: 13.801492713453326
PEPN: 91.9783379660692
--- 1.7361869812011719 seconds ---
---------------------------------
4 16 backward cv2 cv2.TM_CCOEFF 4
MSEN: 18.479841272918335
PEPN: 97.62005175884212
--- 2.59478497505188 seconds ---
---------------------------------
4 16 backward cv2 cv2.TM_CCOEFF_NORMED 4
MSEN: 16.94003554537596
PEPN: 94.48480782133615
--- 2.915339946746826 seconds ---
---------------------------------
4 16 backward cv2 cv2.TM_CCORR 4
MSEN: 20.68326804443176
PEPN: 98.95140419821719
--- 2.285144805908203 seconds ---
---------------------------------
4 16 backward cv2 cv2.TM_CCORR_NORMED 4
MSEN: 17.435231764857818
PEPN: 93.95859292629157
--- 2.855492115020752 seconds ---
---------------------------------
4 32 backward cv2 cv2.TM_CCOEFF 4
MSEN: 31.169682369902564
PEPN: 99.33672002300393
--- 5.502556800842285 seconds ---
---------------------------------
4 32 backward cv2 cv2.TM_CCOEFF_NORMED 4
MSEN: 24.97701062402688
PEPN: 95.9532253426627
--- 6.6783459186553955 seconds ---
---------------------------------
4 32 backward cv2 cv2.TM_CCORR 4
MSEN: 34.2050947004196
PEPN: 99.61755966644301
--- 4.7090699672698975 seconds ---
---------------------------------
4 32 backward cv2 cv2.TM_CCORR_NORMED 4
MSEN: 24.627379146651744
PEPN: 95.23531103230135
--- 6.182322978973389 seconds ---
---------------------------------
8 4 backward cv2 cv2.TM_CCOEFF 4
MSEN: 12.156614975402437
PEPN: 90.92782517013323
--- 0.7103497982025146 seconds ---
---------------------------------
8 4 backward cv2 cv2.TM_CCOEFF_NORMED 4
MSEN: 12.233905960162742
PEPN: 91.15882296558996
--- 0.7792818546295166 seconds ---
---------------------------------
8 4 backward cv2 cv2.TM_CCORR 4
MSEN: 12.462956075669648
PEPN: 94.60461995590913
--- 0.6806771755218506 seconds ---
---------------------------------
8 4 backward cv2 cv2.TM_CCORR_NORMED 4
MSEN: 12.34117327417407
PEPN: 90.9115307198313
--- 0.7093040943145752 seconds ---
---------------------------------
8 8 backward cv2 cv2.TM_CCOEFF 4
MSEN: 14.122997145784627
PEPN: 93.41129109556215
--- 0.814399003982544 seconds ---
---------------------------------
8 8 backward cv2 cv2.TM_CCOEFF_NORMED 4
MSEN: 14.18975879335184
PEPN: 91.85852583149622
--- 0.8208680152893066 seconds ---
---------------------------------
8 8 backward cv2 cv2.TM_CCORR 4
MSEN: 15.122662406739801
PEPN: 97.0679574427298
--- 0.8660578727722168 seconds ---
---------------------------------
8 8 backward cv2 cv2.TM_CCORR_NORMED 4
MSEN: 14.53897567876343
PEPN: 92.11348605386753
--- 0.7820672988891602 seconds ---
---------------------------------
8 16 backward cv2 cv2.TM_CCOEFF 4
MSEN: 18.384455410138635
PEPN: 96.1918911147321
--- 0.9094090461730957 seconds ---
---------------------------------
8 16 backward cv2 cv2.TM_CCOEFF_NORMED 4
MSEN: 17.0025807900263
PEPN: 93.2243841656283
--- 0.9458508491516113 seconds ---
---------------------------------
8 16 backward cv2 cv2.TM_CCORR 4
MSEN: 21.687080705324483
PEPN: 99.12872615738522
--- 0.80069899559021 seconds ---
---------------------------------
8 16 backward cv2 cv2.TM_CCORR_NORMED 4
MSEN: 17.658028930718057
PEPN: 92.95121249880188
--- 0.9369049072265625 seconds ---
---------------------------------
8 32 backward cv2 cv2.TM_CCOEFF 4
MSEN: 30.53064494600178
PEPN: 98.64468513371034
--- 1.653385877609253 seconds ---
---------------------------------
8 32 backward cv2 cv2.TM_CCOEFF_NORMED 4
MSEN: 21.84222743464959
PEPN: 93.79468992619573
--- 1.9165170192718506 seconds ---
---------------------------------
8 32 backward cv2 cv2.TM_CCORR 4
MSEN: 35.4491032021836
PEPN: 99.47857759033835
--- 1.4563260078430176 seconds ---
---------------------------------
8 32 backward cv2 cv2.TM_CCORR_NORMED 4
MSEN: 22.052355735237697
PEPN: 93.51672577398638
--- 1.7220420837402344 seconds ---
---------------------------------
16 4 backward cv2 cv2.TM_CCOEFF 4
MSEN: 12.771512118067879
PEPN: 91.55468225821912
--- 0.40878891944885254 seconds ---
---------------------------------
16 4 backward cv2 cv2.TM_CCOEFF_NORMED 4
MSEN: 12.888346363927685
PEPN: 92.20837726444935
--- 0.4721808433532715 seconds ---
---------------------------------
16 4 backward cv2 cv2.TM_CCORR 4
MSEN: 12.815043743497755
PEPN: 94.38991661075433
--- 0.4005110263824463 seconds ---
---------------------------------
16 4 backward cv2 cv2.TM_CCORR_NORMED 4
MSEN: 12.970321897443862
PEPN: 91.87386178472156
--- 0.4023780822753906 seconds ---
---------------------------------
16 8 backward cv2 cv2.TM_CCOEFF 4
MSEN: 14.768533649481375
PEPN: 93.03939422984759
--- 0.40513014793395996 seconds ---
---------------------------------
16 8 backward cv2 cv2.TM_CCOEFF_NORMED 4
MSEN: 14.886356702985749
PEPN: 92.69816927058373
--- 0.4127082824707031 seconds ---
---------------------------------
16 8 backward cv2 cv2.TM_CCORR 4
MSEN: 15.693498087672507
PEPN: 96.30115978146266
--- 0.4124448299407959 seconds ---
---------------------------------
16 8 backward cv2 cv2.TM_CCORR_NORMED 4
MSEN: 15.06203786175246
PEPN: 92.3425668551711
--- 0.4668748378753662 seconds ---
---------------------------------
16 16 backward cv2 cv2.TM_CCOEFF 4
MSEN: 18.129109559902535
PEPN: 94.76085497939232
--- 0.48382019996643066 seconds ---
---------------------------------
16 16 backward cv2 cv2.TM_CCOEFF_NORMED 4
MSEN: 17.385424971875665
PEPN: 93.18508578548835
--- 0.5158493518829346 seconds ---
---------------------------------
16 16 backward cv2 cv2.TM_CCORR 4
MSEN: 22.430139048143612
PEPN: 98.75970478290041
--- 0.4603898525238037 seconds ---
---------------------------------
16 16 backward cv2 cv2.TM_CCORR_NORMED 4
MSEN: 17.61485245092773
PEPN: 92.64449343429503
--- 0.5254981517791748 seconds ---
---------------------------------
16 32 backward cv2 cv2.TM_CCOEFF 4
MSEN: 28.339680952770706
PEPN: 96.75357040161028
--- 0.7233498096466064 seconds ---
---------------------------------
16 32 backward cv2 cv2.TM_CCOEFF_NORMED 4
MSEN: 19.47498024520363
PEPN: 93.18508578548835
--- 0.7151339054107666 seconds ---
---------------------------------
16 32 backward cv2 cv2.TM_CCORR 4
MSEN: 36.27805065691706
PEPN: 99.29262915748107
--- 0.6153981685638428 seconds ---
---------------------------------
16 32 backward cv2 cv2.TM_CCORR_NORMED 4
MSEN: 20.518609367908965
PEPN: 92.69050129397105
--- 0.7056589126586914 seconds ---
---------------------------------
32 4 backward cv2 cv2.TM_CCOEFF 4
MSEN: 13.422030776610113
PEPN: 93.18029330010543
--- 0.35598087310791016 seconds ---
---------------------------------
32 4 backward cv2 cv2.TM_CCOEFF_NORMED 4
MSEN: 13.37652905648232
PEPN: 92.22179622352151
--- 0.36252689361572266 seconds ---
---------------------------------
32 4 backward cv2 cv2.TM_CCORR 4
MSEN: 12.770164230686396
PEPN: 92.19783379660691
--- 0.4171760082244873 seconds ---
---------------------------------
32 4 backward cv2 cv2.TM_CCORR_NORMED 4
MSEN: 13.352996262104094
PEPN: 92.22179622352151
--- 0.3487522602081299 seconds ---
---------------------------------
32 8 backward cv2 cv2.TM_CCOEFF 4
MSEN: 15.207898776489074
PEPN: 93.30298092590817
--- 0.3717000484466553 seconds ---
---------------------------------
32 8 backward cv2 cv2.TM_CCOEFF_NORMED 4
MSEN: 15.018019135314047
PEPN: 92.12978050416947
--- 0.3700559139251709 seconds ---
---------------------------------
32 8 backward cv2 cv2.TM_CCORR 4
MSEN: 15.77547344305163
PEPN: 96.44301734879708
--- 0.3574330806732178 seconds ---
---------------------------------
32 8 backward cv2 cv2.TM_CCORR_NORMED 4
MSEN: 15.094256835037372
PEPN: 92.12978050416947
--- 0.4275648593902588 seconds ---
---------------------------------
32 16 backward cv2 cv2.TM_CCOEFF 4
MSEN: 17.36151383200662
PEPN: 94.03718968657145
--- 0.3771681785583496 seconds ---
---------------------------------
32 16 backward cv2 cv2.TM_CCOEFF_NORMED 4
MSEN: 17.017695395196565
PEPN: 92.22179622352151
--- 0.3881237506866455 seconds ---
---------------------------------
32 16 backward cv2 cv2.TM_CCORR 4
MSEN: 22.10209659670568
PEPN: 98.5996357711109
--- 0.3828427791595459 seconds ---
---------------------------------
32 16 backward cv2 cv2.TM_CCORR_NORMED 4
MSEN: 17.08309042191523
PEPN: 92.22179622352151
--- 0.3925001621246338 seconds ---
---------------------------------
32 32 backward cv2 cv2.TM_CCOEFF 4
MSEN: 23.666422732682754
PEPN: 94.37553915460558
--- 0.43259215354919434 seconds ---
---------------------------------
32 32 backward cv2 cv2.TM_CCOEFF_NORMED 4
MSEN: 19.09995368319534
PEPN: 92.22179622352151
--- 0.5255730152130127 seconds ---
---------------------------------
32 32 backward cv2 cv2.TM_CCORR 4
MSEN: 35.0551840415247
PEPN: 99.40285632128823
--- 0.4321248531341553 seconds ---
---------------------------------
32 32 backward cv2 cv2.TM_CCORR_NORMED 4
MSEN: 19.19459708982123
PEPN: 92.22179622352151
--- 0.44284892082214355 seconds ---
---------------------------------
4 4 backward log Only 4
Error under execution
---------------------------------
4 8 backward log Only 4
Error under execution
---------------------------------
4 16 backward log Only 4
MSEN: 11.826615439634061
PEPN: 88.83638454902713
--- 6.3386170864105225 seconds ---
---------------------------------
4 32 backward log Only 4
MSEN: 11.890879739340978
PEPN: 88.80954663088278
--- 6.46205472946167 seconds ---
---------------------------------
8 4 backward log Only 4
Error under execution
---------------------------------
8 8 backward log Only 4
Error under execution
---------------------------------
8 16 backward log Only 4
MSEN: 11.796227966538028
PEPN: 87.0027796415221
--- 2.0477230548858643 seconds ---
---------------------------------
8 32 backward log Only 4
MSEN: 11.846675293823935
PEPN: 86.92897536662512
--- 1.8857800960540771 seconds ---
---------------------------------
16 4 backward log Only 4
Error under execution
---------------------------------
16 8 backward log Only 4
Error under execution
---------------------------------
16 16 backward log Only 4
MSEN: 11.817067840224544
PEPN: 86.25227643055689
--- 0.8826248645782471 seconds ---
---------------------------------
16 32 backward log Only 4
MSEN: 11.845852184449232
PEPN: 85.95130834850954
--- 0.8446118831634521 seconds ---
---------------------------------
32 4 backward log Only 4
Error under execution
---------------------------------
32 8 backward log Only 4
Error under execution
---------------------------------
32 16 backward log Only 4
MSEN: 11.40081830874301
PEPN: 82.01092686667306
--- 0.6006579399108887 seconds ---
---------------------------------
32 32 backward log Only 4
MSEN: 11.527229585102646
PEPN: 82.39145020607687
--- 0.5943198204040527 seconds ---
---------------------------------
4 4 forward full SAD 4
MSEN: 11.584553380261125
PEPN: 88.86609795840123
--- 12.785595893859863 seconds ---
---------------------------------
4 4 forward full SSD 4
MSEN: 11.500388960065193
PEPN: 85.2448960030672
--- 13.18082571029663 seconds ---
---------------------------------
4 4 forward full MAE 4
MSEN: 11.584553380261125
PEPN: 88.86609795840123
--- 18.895446062088013 seconds ---
---------------------------------
4 4 forward full MSE 4
MSEN: 11.500388960065193
PEPN: 85.2448960030672
--- 18.928225994110107 seconds ---
---------------------------------
4 8 forward full SAD 4
MSEN: 13.352814022306795
PEPN: 95.19122016677849
--- 48.479820013046265 seconds ---
---------------------------------
4 8 forward full SSD 4
MSEN: 12.7646239386066
PEPN: 89.53417042078021
--- 51.113770961761475 seconds ---
---------------------------------
4 8 forward full MAE 4
MSEN: 13.352814022306795
PEPN: 95.19122016677849
--- 73.26820087432861 seconds ---
---------------------------------
4 8 forward full MSE 4
MSEN: 12.7646239386066
PEPN: 89.53417042078021
--- 73.14721894264221 seconds ---
---------------------------------
4 16 forward full SAD 4
MSEN: 17.981830666171856
PEPN: 98.31975462474838
--- 187.51679372787476 seconds ---
---------------------------------
4 16 forward full SSD 4
MSEN: 16.233053060556564
PEPN: 93.53781270967123
--- 193.69587802886963 seconds ---
---------------------------------
4 16 forward full MAE 4
MSEN: 17.981830666171856
PEPN: 98.31975462474838
--- 283.92615604400635 seconds ---
---------------------------------
4 16 forward full MSE 4
MSEN: 16.233053060556564
PEPN: 93.53781270967123
--- 287.18430376052856 seconds ---
---------------------------------
4 32 forward full SAD 4
MSEN: 28.35082756760781
PEPN: 99.30317262532348
--- 736.7127349376678 seconds ---
---------------------------------
4 32 forward full SSD 4
MSEN: 23.578043306055488
PEPN: 95.49218824882584
--- 756.0025968551636 seconds ---
---------------------------------
4 32 forward full MAE 4
MSEN: 28.35082756760781
PEPN: 99.30317262532348
--- 1096.2369706630707 seconds ---
---------------------------------
4 32 forward full MSE 4
MSEN: 23.578043306055488
PEPN: 95.49218824882584
--- 1112.4638140201569 seconds ---
---------------------------------
8 4 forward full SAD 4
MSEN: 11.69072460329753
PEPN: 89.93482219879229
--- 3.7020838260650635 seconds ---
---------------------------------
8 4 forward full SSD 4
MSEN: 11.500645322264905
PEPN: 83.82823732387617
--- 3.5931599140167236 seconds ---
---------------------------------
8 4 forward full MAE 4
MSEN: 11.69072460329753
PEPN: 89.93482219879229
--- 5.032742261886597 seconds ---
---------------------------------
8 4 forward full MSE 4
MSEN: 11.500645322264905
PEPN: 83.82823732387617
--- 5.104465961456299 seconds ---
---------------------------------
8 8 forward full SAD 4
MSEN: 13.708775896705456
PEPN: 95.79315633087319
--- 12.547192811965942 seconds ---
---------------------------------
8 8 forward full SSD 4
MSEN: 12.737219575279632
PEPN: 86.59062589859101
--- 12.74773907661438 seconds ---
---------------------------------
8 8 forward full MAE 4
MSEN: 13.708775896705456
PEPN: 95.79315633087319
--- 18.559064149856567 seconds ---
---------------------------------
8 8 forward full MSE 4
MSEN: 12.737219575279632
PEPN: 86.59062589859101
--- 18.818421125411987 seconds ---
---------------------------------
8 16 forward full SAD 4
MSEN: 18.94572300087799
PEPN: 98.87472443209047
--- 48.719664096832275 seconds ---
---------------------------------
8 16 forward full SSD 4
MSEN: 15.83625228478843
PEPN: 89.48816256110419
--- 49.512603998184204 seconds ---
---------------------------------
8 16 forward full MAE 4
MSEN: 18.94572300087799
PEPN: 98.87472443209047
--- 74.43322491645813 seconds ---
---------------------------------
8 16 forward full MSE 4
MSEN: 15.83625228478843
PEPN: 89.48816256110419
--- 72.87393307685852 seconds ---
---------------------------------
8 32 forward full SAD 4
MSEN: 30.171960502653366
PEPN: 99.4335282277389
--- 185.4253158569336 seconds ---
---------------------------------
8 32 forward full SSD 4
MSEN: 21.812473758236663
PEPN: 91.1799099012748
--- 190.1093771457672 seconds ---
---------------------------------
8 32 forward full MAE 4
MSEN: 30.171960502653366
PEPN: 99.4335282277389
--- 278.6809000968933 seconds ---
---------------------------------
8 32 forward full MSE 4
MSEN: 21.812473758236663
PEPN: 91.1799099012748
--- 277.56932520866394 seconds ---
---------------------------------
16 4 forward full SAD 4
MSEN: 11.798472509604137
PEPN: 92.5026358669606
--- 1.3726458549499512 seconds ---
---------------------------------
16 4 forward full SSD 4
MSEN: 11.55310645563326
PEPN: 82.78826799578262
--- 1.4581208229064941 seconds ---
---------------------------------
16 4 forward full MAE 4
MSEN: 11.798472509604137
PEPN: 92.5026358669606
--- 1.7402050495147705 seconds ---
---------------------------------
16 4 forward full MSE 4
MSEN: 11.55310645563326
PEPN: 82.78826799578262
--- 1.7240900993347168 seconds ---
---------------------------------
16 8 forward full SAD 4
MSEN: 14.270427170660438
PEPN: 97.03536854212594
--- 3.992729902267456 seconds ---
---------------------------------
16 8 forward full SSD 4
MSEN: 12.867520978575653
PEPN: 84.17617176267612
--- 4.033966064453125 seconds ---
---------------------------------
16 8 forward full MAE 4
MSEN: 14.270427170660438
PEPN: 97.03536854212594
--- 5.42805814743042 seconds ---
---------------------------------
16 8 forward full MSE 4
MSEN: 12.867520978575653
PEPN: 84.17617176267612
--- 5.463046312332153 seconds ---
---------------------------------
16 16 forward full SAD 4
MSEN: 20.036595984089754
PEPN: 99.4335282277389
--- 13.810962200164795 seconds ---
---------------------------------
16 16 forward full SSD 4
MSEN: 15.499728356051438
PEPN: 86.1861401322726
--- 14.970918893814087 seconds ---
---------------------------------
16 16 forward full MAE 4
MSEN: 20.036595984089754
PEPN: 99.4335282277389
--- 21.136229991912842 seconds ---
---------------------------------
16 16 forward full MSE 4
MSEN: 15.499728356051438
PEPN: 86.1861401322726
--- 20.462821006774902 seconds ---
---------------------------------
16 32 forward full SAD 4
MSEN: 32.887806915147785
PEPN: 99.7086168887185
--- 52.37742519378662 seconds ---
---------------------------------
16 32 forward full SSD 4
MSEN: 20.42148938625352
PEPN: 87.69289753666251
--- 53.09661889076233 seconds ---
---------------------------------
16 32 forward full MAE 4
MSEN: 32.887806915147785
PEPN: 99.7086168887185
--- 75.2888650894165 seconds ---
---------------------------------
16 32 forward full MSE 4
MSEN: 20.42148938625352
PEPN: 87.69289753666251
--- 76.2119653224945 seconds ---
---------------------------------
32 4 forward full SAD 4
MSEN: 11.936344066754959
PEPN: 94.06019361640946
--- 0.7172350883483887 seconds ---
---------------------------------
32 4 forward full SSD 4
MSEN: 11.519947797731366
PEPN: 82.58985910092974
--- 0.8254618644714355 seconds ---
---------------------------------
32 4 forward full MAE 4
MSEN: 11.936344066754959
PEPN: 94.06019361640946
--- 0.7783088684082031 seconds ---
---------------------------------
32 4 forward full MSE 4
MSEN: 11.519947797731366
PEPN: 82.58985910092974
--- 0.8118507862091064 seconds ---
---------------------------------
32 8 forward full SAD 4
MSEN: 14.645436104944771
PEPN: 98.50666155468227
--- 1.447234869003296 seconds ---
---------------------------------
32 8 forward full SSD 4
MSEN: 12.725278172306448
PEPN: 83.43429502540017
--- 1.4744329452514648 seconds ---
---------------------------------
32 8 forward full MAE 4
MSEN: 14.645436104944771
PEPN: 98.50666155468227
--- 1.864508867263794 seconds ---
---------------------------------
32 8 forward full MSE 4
MSEN: 12.725278172306448
PEPN: 83.43429502540017
--- 1.8863718509674072 seconds ---
---------------------------------
32 16 forward full SAD 4
MSEN: 21.154577089385775
PEPN: 99.81405156714273
--- 4.4246931076049805 seconds ---
---------------------------------
32 16 forward full SSD 4
MSEN: 15.112605089471502
PEPN: 84.52698169270583
--- 4.438729286193848 seconds ---
---------------------------------
32 16 forward full MAE 4
MSEN: 21.154577089385775
PEPN: 99.81405156714273
--- 5.7994349002838135 seconds ---
---------------------------------
32 16 forward full MSE 4
MSEN: 15.112605089471502
PEPN: 84.52698169270583
--- 5.887266159057617 seconds ---
---------------------------------
32 32 forward full SAD 4
MSEN: 34.764583262317146
PEPN: 100.0
--- 16.243951082229614 seconds ---
---------------------------------
32 32 forward full SSD 4
MSEN: 19.077950016001388
PEPN: 85.76344292149909
--- 17.103797912597656 seconds ---
---------------------------------
32 32 forward full MAE 4
MSEN: 34.764583262317146
PEPN: 100.0
--- 22.95584511756897 seconds ---
---------------------------------
32 32 forward full MSE 4
MSEN: 19.077950016001388
PEPN: 85.76344292149909
--- 22.15083599090576 seconds ---
---------------------------------
4 4 forward cv2 cv2.TM_CCOEFF 4
MSEN: 11.12329193970818
PEPN: 80.8166395092495
--- 1.3629908561706543 seconds ---
---------------------------------
4 4 forward cv2 cv2.TM_CCOEFF_NORMED 4
MSEN: 10.590390613531108
PEPN: 72.36844627623886
--- 1.3775739669799805 seconds ---
---------------------------------
4 4 forward cv2 cv2.TM_CCORR 4
MSEN: 12.078147894928536
PEPN: 92.43649956867631
--- 1.341817855834961 seconds ---
---------------------------------
4 4 forward cv2 cv2.TM_CCORR_NORMED 4
MSEN: 10.43369486888555
PEPN: 71.33997891306431
--- 1.3823318481445312 seconds ---
---------------------------------
4 8 forward cv2 cv2.TM_CCOEFF 4
MSEN: 12.800310128581724
PEPN: 87.75903383494679
--- 1.6775951385498047 seconds ---
---------------------------------
4 8 forward cv2 cv2.TM_CCOEFF_NORMED 4
MSEN: 10.799246250719182
PEPN: 71.08022620531007
--- 1.7962281703948975 seconds ---
---------------------------------
4 8 forward cv2 cv2.TM_CCORR 4
MSEN: 14.432284434658438
PEPN: 96.04428256493817
--- 1.6179399490356445 seconds ---
---------------------------------
4 8 forward cv2 cv2.TM_CCORR_NORMED 4
MSEN: 10.408624206457805
PEPN: 69.1900699702866
--- 2.4091079235076904 seconds ---
---------------------------------
4 16 forward cv2 cv2.TM_CCOEFF 4
MSEN: 17.691747510808383
PEPN: 94.43496597335378
--- 2.5754177570343018 seconds ---
---------------------------------
4 16 forward cv2 cv2.TM_CCOEFF_NORMED 4
MSEN: 12.812836888951955
PEPN: 73.84549027125468
--- 2.931468963623047 seconds ---
---------------------------------
4 16 forward cv2 cv2.TM_CCORR 4
MSEN: 20.620694628841637
PEPN: 98.83734304610371
--- 2.286567211151123 seconds ---
---------------------------------
4 16 forward cv2 cv2.TM_CCORR_NORMED 4
MSEN: 11.736707293891687
PEPN: 70.10543467842423
--- 2.784005880355835 seconds ---
---------------------------------
4 32 forward cv2 cv2.TM_CCOEFF 4
MSEN: 30.954445233118072
PEPN: 98.23540688200902
--- 5.527850866317749 seconds ---
---------------------------------
4 32 forward cv2 cv2.TM_CCOEFF_NORMED 4
MSEN: 19.821607571735157
PEPN: 79.37889389437362
--- 6.695821046829224 seconds ---
---------------------------------
4 32 forward cv2 cv2.TM_CCORR 4
MSEN: 33.95132463420519
PEPN: 99.5648423272309
--- 4.789083957672119 seconds ---
---------------------------------
4 32 forward cv2 cv2.TM_CCORR_NORMED 4
MSEN: 16.665158792370022
PEPN: 73.59819802549602
--- 6.088660955429077 seconds ---
---------------------------------
8 4 forward cv2 cv2.TM_CCOEFF 4
MSEN: 10.483175446307435
PEPN: 70.27413016390301
--- 0.7108469009399414 seconds ---
---------------------------------
8 4 forward cv2 cv2.TM_CCOEFF_NORMED 4
MSEN: 9.767722044356207
PEPN: 60.704495351289175
--- 0.7126522064208984 seconds ---
---------------------------------
8 4 forward cv2 cv2.TM_CCORR 4
MSEN: 12.204217825447795
PEPN: 92.47963193712259
--- 0.8004908561706543 seconds ---
---------------------------------
8 4 forward cv2 cv2.TM_CCORR_NORMED 4
MSEN: 9.700324316676394
PEPN: 60.69491038052334
--- 0.6865930557250977 seconds ---
---------------------------------
8 8 forward cv2 cv2.TM_CCOEFF 4
MSEN: 11.14212257152296
PEPN: 69.55621585354164
--- 0.8144111633300781 seconds ---
---------------------------------
8 8 forward cv2 cv2.TM_CCOEFF_NORMED 4
MSEN: 8.548370993318132
PEPN: 48.00920157193521
--- 0.8255200386047363 seconds ---
---------------------------------
8 8 forward cv2 cv2.TM_CCORR 4
MSEN: 14.925355025613426
PEPN: 95.72606153551232
--- 0.7761321067810059 seconds ---
---------------------------------
8 8 forward cv2 cv2.TM_CCORR_NORMED 4
MSEN: 8.347039939104977
PEPN: 48.44244225055114
--- 0.7149310111999512 seconds ---
---------------------------------
8 16 forward cv2 cv2.TM_CCOEFF 4
MSEN: 15.733941782580008
PEPN: 80.77159014665006
--- 0.9393250942230225 seconds ---
---------------------------------
8 16 forward cv2 cv2.TM_CCOEFF_NORMED 4
MSEN: 8.201273012089388
PEPN: 42.855362791143484
--- 0.9393551349639893 seconds ---
---------------------------------
8 16 forward cv2 cv2.TM_CCORR 4
MSEN: 21.49895677148037
PEPN: 98.83734304610371
--- 0.7832729816436768 seconds ---
---------------------------------
8 16 forward cv2 cv2.TM_CCORR_NORMED 4
MSEN: 7.697308795219262
PEPN: 42.57739863893415
--- 0.9213590621948242 seconds ---
---------------------------------
8 32 forward cv2 cv2.TM_CCOEFF 4
MSEN: 29.262443482386956
PEPN: 92.67708233489887
--- 1.5743169784545898 seconds ---
---------------------------------
8 32 forward cv2 cv2.TM_CCOEFF_NORMED 4
MSEN: 10.81065748277888
PEPN: 45.07524202051184
--- 1.9928150177001953 seconds ---
---------------------------------
8 32 forward cv2 cv2.TM_CCORR 4
MSEN: 35.02002192859226
PEPN: 99.29167066040449
--- 1.4532830715179443 seconds ---
---------------------------------
8 32 forward cv2 cv2.TM_CCORR_NORMED 4
MSEN: 9.479912598069534
PEPN: 42.17387136969232
--- 1.729245901107788 seconds ---
---------------------------------
16 4 forward cv2 cv2.TM_CCOEFF 4
MSEN: 9.638203011610196
PEPN: 59.80638359053005
--- 0.41382384300231934 seconds ---
---------------------------------
16 4 forward cv2 cv2.TM_CCOEFF_NORMED 4
MSEN: 9.021952862860676
PEPN: 53.81769385603374
--- 0.4028658866882324 seconds ---
---------------------------------
16 4 forward cv2 cv2.TM_CCORR 4
MSEN: 12.196521517299534
PEPN: 90.4581616026071
--- 0.4145221710205078 seconds ---
---------------------------------
16 4 forward cv2 cv2.TM_CCORR_NORMED 4
MSEN: 8.954250346676439
PEPN: 54.009393271350525
--- 0.4627261161804199 seconds ---
---------------------------------
16 8 forward cv2 cv2.TM_CCOEFF 4
MSEN: 9.092519467516938
PEPN: 50.68149142145116
--- 0.40799999237060547 seconds ---
---------------------------------
16 8 forward cv2 cv2.TM_CCOEFF_NORMED 4
MSEN: 7.144127109722115
PEPN: 37.00565513275185
--- 0.42491912841796875 seconds ---
---------------------------------
16 8 forward cv2 cv2.TM_CCORR 4
MSEN: 15.316714926117516
PEPN: 93.52726924182882
--- 0.40742993354797363 seconds ---
---------------------------------
16 8 forward cv2 cv2.TM_CCORR_NORMED 4
MSEN: 7.05431241848682
PEPN: 36.53599156522573
--- 0.4331042766571045 seconds ---
---------------------------------
16 16 forward cv2 cv2.TM_CCOEFF 4
MSEN: 11.482267946708195
PEPN: 54.33911626569539
--- 0.5569436550140381 seconds ---
---------------------------------
16 16 forward cv2 cv2.TM_CCOEFF_NORMED 4
MSEN: 5.544963394701206
PEPN: 26.27911434870124
--- 0.5261082649230957 seconds ---
---------------------------------
16 16 forward cv2 cv2.TM_CCORR 4
MSEN: 22.124384347930235
PEPN: 96.46985526694144
--- 0.4636509418487549 seconds ---
---------------------------------
16 16 forward cv2 cv2.TM_CCORR_NORMED 4
MSEN: 5.352714627342209
PEPN: 27.070832933959547
--- 0.9291110038757324 seconds ---
---------------------------------
16 32 forward cv2 cv2.TM_CCOEFF 4
MSEN: 23.80268762454841
PEPN: 73.26655803699799
--- 0.6552200317382812 seconds ---
---------------------------------
16 32 forward cv2 cv2.TM_CCOEFF_NORMED 4
MSEN: 4.198996052942302
PEPN: 20.06421930413112
--- 0.7388730049133301 seconds ---
---------------------------------
16 32 forward cv2 cv2.TM_CCORR 4
MSEN: 35.55371040996949
PEPN: 97.69864851912202
--- 0.668100118637085 seconds ---
---------------------------------
16 32 forward cv2 cv2.TM_CCORR_NORMED 4
MSEN: 4.433550115757955
PEPN: 21.6208185565034
--- 0.7197649478912354 seconds ---
---------------------------------
32 4 forward cv2 cv2.TM_CCOEFF 4
MSEN: 8.78545857889061
PEPN: 56.733441963002015
--- 0.35002803802490234 seconds ---
---------------------------------
32 4 forward cv2 cv2.TM_CCOEFF_NORMED 4
MSEN: 8.245261371160003
PEPN: 50.508961947666066
--- 0.35912179946899414 seconds ---
---------------------------------
32 4 forward cv2 cv2.TM_CCORR 4
MSEN: 11.725930418314384
PEPN: 84.82315728937027
--- 0.3538081645965576 seconds ---
---------------------------------
32 4 forward cv2 cv2.TM_CCORR_NORMED 4
MSEN: 8.415016372984415
PEPN: 51.20003833988306
--- 0.4244577884674072 seconds ---
---------------------------------
32 8 forward cv2 cv2.TM_CCOEFF 4
MSEN: 7.9191436174288485
PEPN: 46.10754337199271
--- 0.36317992210388184 seconds ---
---------------------------------
32 8 forward cv2 cv2.TM_CCOEFF_NORMED 4
MSEN: 6.718106032929945
PEPN: 38.89485287069874
--- 0.37519311904907227 seconds ---
---------------------------------
32 8 forward cv2 cv2.TM_CCORR 4
MSEN: 14.646249241968318
PEPN: 89.88402185373334
--- 0.35843801498413086 seconds ---
---------------------------------
32 8 forward cv2 cv2.TM_CCORR_NORMED 4
MSEN: 6.6496346311465455
PEPN: 38.27853925045528
--- 0.3794231414794922 seconds ---
---------------------------------
32 16 forward cv2 cv2.TM_CCOEFF 4
MSEN: 8.673808123995821
PEPN: 44.89216907888431
--- 0.3818082809448242 seconds ---
---------------------------------
32 16 forward cv2 cv2.TM_CCOEFF_NORMED 4
Error: failed to send plot to http://127.0.0.1:63342
Traceback (most recent call last):
  File "/Applications/PyCharm.app/Contents/plugins/python/helpers/pycharm_display/datalore/display/display_.py", line 76, in _send_display_message
    urllib_request.urlopen(url, buffer)
  File "/Users/kevinmartinfernandez/opt/anaconda3/envs/M6_Video/lib/python3.9/urllib/request.py", line 214, in urlopen
    return opener.open(url, data, timeout)
  File "/Users/kevinmartinfernandez/opt/anaconda3/envs/M6_Video/lib/python3.9/urllib/request.py", line 523, in open
    response = meth(req, response)
  File "/Users/kevinmartinfernandez/opt/anaconda3/envs/M6_Video/lib/python3.9/urllib/request.py", line 632, in http_response
    response = self.parent.error(
  File "/Users/kevinmartinfernandez/opt/anaconda3/envs/M6_Video/lib/python3.9/urllib/request.py", line 561, in error
    return self._call_chain(*args)
  File "/Users/kevinmartinfernandez/opt/anaconda3/envs/M6_Video/lib/python3.9/urllib/request.py", line 494, in _call_chain
    result = func(*args)
  File "/Users/kevinmartinfernandez/opt/anaconda3/envs/M6_Video/lib/python3.9/urllib/request.py", line 641, in http_error_default
    raise HTTPError(req.full_url, code, msg, hdrs, fp)
urllib.error.HTTPError: HTTP Error 500: Internal Server Error

During handling of the above exception, another exception occurred:

Traceback (most recent call last):
  File "/Applications/PyCharm.app/Contents/plugins/python/helpers/pycharm_display/datalore/display/display_.py", line 60, in try_empty_proxy
    urllib_request.urlopen(url, buffer)
  File "/Users/kevinmartinfernandez/opt/anaconda3/envs/M6_Video/lib/python3.9/urllib/request.py", line 214, in urlopen
    return opener.open(url, data, timeout)
  File "/Users/kevinmartinfernandez/opt/anaconda3/envs/M6_Video/lib/python3.9/urllib/request.py", line 523, in open
    response = meth(req, response)
  File "/Users/kevinmartinfernandez/opt/anaconda3/envs/M6_Video/lib/python3.9/urllib/request.py", line 632, in http_response
    response = self.parent.error(
  File "/Users/kevinmartinfernandez/opt/anaconda3/envs/M6_Video/lib/python3.9/urllib/request.py", line 561, in error
    return self._call_chain(*args)
  File "/Users/kevinmartinfernandez/opt/anaconda3/envs/M6_Video/lib/python3.9/urllib/request.py", line 494, in _call_chain
    result = func(*args)
  File "/Users/kevinmartinfernandez/opt/anaconda3/envs/M6_Video/lib/python3.9/urllib/request.py", line 641, in http_error_default
    raise HTTPError(req.full_url, code, msg, hdrs, fp)
urllib.error.HTTPError: HTTP Error 500: Internal Server Error
MSEN: 5.201294644350261
PEPN: 28.806671139653023
--- 9.265653133392334 seconds ---
---------------------------------
32 16 forward cv2 cv2.TM_CCORR 4
Error: failed to send plot to http://127.0.0.1:63342
Traceback (most recent call last):
  File "/Applications/PyCharm.app/Contents/plugins/python/helpers/pycharm_display/datalore/display/display_.py", line 76, in _send_display_message
    urllib_request.urlopen(url, buffer)
  File "/Users/kevinmartinfernandez/opt/anaconda3/envs/M6_Video/lib/python3.9/urllib/request.py", line 214, in urlopen
    return opener.open(url, data, timeout)
  File "/Users/kevinmartinfernandez/opt/anaconda3/envs/M6_Video/lib/python3.9/urllib/request.py", line 523, in open
    response = meth(req, response)
  File "/Users/kevinmartinfernandez/opt/anaconda3/envs/M6_Video/lib/python3.9/urllib/request.py", line 632, in http_response
    response = self.parent.error(
  File "/Users/kevinmartinfernandez/opt/anaconda3/envs/M6_Video/lib/python3.9/urllib/request.py", line 561, in error
    return self._call_chain(*args)
  File "/Users/kevinmartinfernandez/opt/anaconda3/envs/M6_Video/lib/python3.9/urllib/request.py", line 494, in _call_chain
    result = func(*args)
  File "/Users/kevinmartinfernandez/opt/anaconda3/envs/M6_Video/lib/python3.9/urllib/request.py", line 641, in http_error_default
    raise HTTPError(req.full_url, code, msg, hdrs, fp)
urllib.error.HTTPError: HTTP Error 500: Internal Server Error

During handling of the above exception, another exception occurred:

Traceback (most recent call last):
  File "/Applications/PyCharm.app/Contents/plugins/python/helpers/pycharm_display/datalore/display/display_.py", line 60, in try_empty_proxy
    urllib_request.urlopen(url, buffer)
  File "/Users/kevinmartinfernandez/opt/anaconda3/envs/M6_Video/lib/python3.9/urllib/request.py", line 214, in urlopen
    return opener.open(url, data, timeout)
  File "/Users/kevinmartinfernandez/opt/anaconda3/envs/M6_Video/lib/python3.9/urllib/request.py", line 523, in open
    response = meth(req, response)
  File "/Users/kevinmartinfernandez/opt/anaconda3/envs/M6_Video/lib/python3.9/urllib/request.py", line 632, in http_response
    response = self.parent.error(
  File "/Users/kevinmartinfernandez/opt/anaconda3/envs/M6_Video/lib/python3.9/urllib/request.py", line 561, in error
    return self._call_chain(*args)
  File "/Users/kevinmartinfernandez/opt/anaconda3/envs/M6_Video/lib/python3.9/urllib/request.py", line 494, in _call_chain
    result = func(*args)
  File "/Users/kevinmartinfernandez/opt/anaconda3/envs/M6_Video/lib/python3.9/urllib/request.py", line 641, in http_error_default
    raise HTTPError(req.full_url, code, msg, hdrs, fp)
urllib.error.HTTPError: HTTP Error 500: Internal Server Error
Error: failed to send plot to http://127.0.0.1:63342
Traceback (most recent call last):
  File "/Applications/PyCharm.app/Contents/plugins/python/helpers/pycharm_display/datalore/display/display_.py", line 76, in _send_display_message
    urllib_request.urlopen(url, buffer)
  File "/Users/kevinmartinfernandez/opt/anaconda3/envs/M6_Video/lib/python3.9/urllib/request.py", line 214, in urlopen
    return opener.open(url, data, timeout)
  File "/Users/kevinmartinfernandez/opt/anaconda3/envs/M6_Video/lib/python3.9/urllib/request.py", line 523, in open
    response = meth(req, response)
  File "/Users/kevinmartinfernandez/opt/anaconda3/envs/M6_Video/lib/python3.9/urllib/request.py", line 632, in http_response
    response = self.parent.error(
  File "/Users/kevinmartinfernandez/opt/anaconda3/envs/M6_Video/lib/python3.9/urllib/request.py", line 561, in error
    return self._call_chain(*args)
  File "/Users/kevinmartinfernandez/opt/anaconda3/envs/M6_Video/lib/python3.9/urllib/request.py", line 494, in _call_chain
    result = func(*args)
  File "/Users/kevinmartinfernandez/opt/anaconda3/envs/M6_Video/lib/python3.9/urllib/request.py", line 641, in http_error_default
    raise HTTPError(req.full_url, code, msg, hdrs, fp)
urllib.error.HTTPError: HTTP Error 500: Internal Server Error

During handling of the above exception, another exception occurred:

Traceback (most recent call last):
  File "/Applications/PyCharm.app/Contents/plugins/python/helpers/pycharm_display/datalore/display/display_.py", line 60, in try_empty_proxy
    urllib_request.urlopen(url, buffer)
  File "/Users/kevinmartinfernandez/opt/anaconda3/envs/M6_Video/lib/python3.9/urllib/request.py", line 214, in urlopen
    return opener.open(url, data, timeout)
  File "/Users/kevinmartinfernandez/opt/anaconda3/envs/M6_Video/lib/python3.9/urllib/request.py", line 523, in open
    response = meth(req, response)
  File "/Users/kevinmartinfernandez/opt/anaconda3/envs/M6_Video/lib/python3.9/urllib/request.py", line 632, in http_response
    response = self.parent.error(
  File "/Users/kevinmartinfernandez/opt/anaconda3/envs/M6_Video/lib/python3.9/urllib/request.py", line 561, in error
    return self._call_chain(*args)
  File "/Users/kevinmartinfernandez/opt/anaconda3/envs/M6_Video/lib/python3.9/urllib/request.py", line 494, in _call_chain
    result = func(*args)
  File "/Users/kevinmartinfernandez/opt/anaconda3/envs/M6_Video/lib/python3.9/urllib/request.py", line 641, in http_error_default
    raise HTTPError(req.full_url, code, msg, hdrs, fp)
urllib.error.HTTPError: HTTP Error 500: Internal Server Error
MSEN: 21.320828914066357
PEPN: 94.58736700853062
--- 4.912736177444458 seconds ---
---------------------------------
32 16 forward cv2 cv2.TM_CCORR_NORMED 4
Error: failed to send plot to http://127.0.0.1:63342
Traceback (most recent call last):
  File "/Applications/PyCharm.app/Contents/plugins/python/helpers/pycharm_display/datalore/display/display_.py", line 76, in _send_display_message
    urllib_request.urlopen(url, buffer)
  File "/Users/kevinmartinfernandez/opt/anaconda3/envs/M6_Video/lib/python3.9/urllib/request.py", line 214, in urlopen
    return opener.open(url, data, timeout)
  File "/Users/kevinmartinfernandez/opt/anaconda3/envs/M6_Video/lib/python3.9/urllib/request.py", line 523, in open
    response = meth(req, response)
  File "/Users/kevinmartinfernandez/opt/anaconda3/envs/M6_Video/lib/python3.9/urllib/request.py", line 632, in http_response
    response = self.parent.error(
  File "/Users/kevinmartinfernandez/opt/anaconda3/envs/M6_Video/lib/python3.9/urllib/request.py", line 561, in error
    return self._call_chain(*args)
  File "/Users/kevinmartinfernandez/opt/anaconda3/envs/M6_Video/lib/python3.9/urllib/request.py", line 494, in _call_chain
    result = func(*args)
  File "/Users/kevinmartinfernandez/opt/anaconda3/envs/M6_Video/lib/python3.9/urllib/request.py", line 641, in http_error_default
    raise HTTPError(req.full_url, code, msg, hdrs, fp)
urllib.error.HTTPError: HTTP Error 500: Internal Server Error

During handling of the above exception, another exception occurred:

Traceback (most recent call last):
  File "/Applications/PyCharm.app/Contents/plugins/python/helpers/pycharm_display/datalore/display/display_.py", line 60, in try_empty_proxy
    urllib_request.urlopen(url, buffer)
  File "/Users/kevinmartinfernandez/opt/anaconda3/envs/M6_Video/lib/python3.9/urllib/request.py", line 214, in urlopen
    return opener.open(url, data, timeout)
  File "/Users/kevinmartinfernandez/opt/anaconda3/envs/M6_Video/lib/python3.9/urllib/request.py", line 523, in open
    response = meth(req, response)
  File "/Users/kevinmartinfernandez/opt/anaconda3/envs/M6_Video/lib/python3.9/urllib/request.py", line 632, in http_response
    response = self.parent.error(
  File "/Users/kevinmartinfernandez/opt/anaconda3/envs/M6_Video/lib/python3.9/urllib/request.py", line 561, in error
    return self._call_chain(*args)
  File "/Users/kevinmartinfernandez/opt/anaconda3/envs/M6_Video/lib/python3.9/urllib/request.py", line 494, in _call_chain
    result = func(*args)
  File "/Users/kevinmartinfernandez/opt/anaconda3/envs/M6_Video/lib/python3.9/urllib/request.py", line 641, in http_error_default
    raise HTTPError(req.full_url, code, msg, hdrs, fp)
urllib.error.HTTPError: HTTP Error 500: Internal Server Error
Error: failed to send plot to http://127.0.0.1:63342
Traceback (most recent call last):
  File "/Applications/PyCharm.app/Contents/plugins/python/helpers/pycharm_display/datalore/display/display_.py", line 76, in _send_display_message
    urllib_request.urlopen(url, buffer)
  File "/Users/kevinmartinfernandez/opt/anaconda3/envs/M6_Video/lib/python3.9/urllib/request.py", line 214, in urlopen
    return opener.open(url, data, timeout)
  File "/Users/kevinmartinfernandez/opt/anaconda3/envs/M6_Video/lib/python3.9/urllib/request.py", line 523, in open
    response = meth(req, response)
  File "/Users/kevinmartinfernandez/opt/anaconda3/envs/M6_Video/lib/python3.9/urllib/request.py", line 632, in http_response
    response = self.parent.error(
  File "/Users/kevinmartinfernandez/opt/anaconda3/envs/M6_Video/lib/python3.9/urllib/request.py", line 561, in error
    return self._call_chain(*args)
  File "/Users/kevinmartinfernandez/opt/anaconda3/envs/M6_Video/lib/python3.9/urllib/request.py", line 494, in _call_chain
    result = func(*args)
  File "/Users/kevinmartinfernandez/opt/anaconda3/envs/M6_Video/lib/python3.9/urllib/request.py", line 641, in http_error_default
    raise HTTPError(req.full_url, code, msg, hdrs, fp)
urllib.error.HTTPError: HTTP Error 500: Internal Server Error

During handling of the above exception, another exception occurred:

Traceback (most recent call last):
  File "/Applications/PyCharm.app/Contents/plugins/python/helpers/pycharm_display/datalore/display/display_.py", line 60, in try_empty_proxy
    urllib_request.urlopen(url, buffer)
  File "/Users/kevinmartinfernandez/opt/anaconda3/envs/M6_Video/lib/python3.9/urllib/request.py", line 214, in urlopen
    return opener.open(url, data, timeout)
  File "/Users/kevinmartinfernandez/opt/anaconda3/envs/M6_Video/lib/python3.9/urllib/request.py", line 523, in open
    response = meth(req, response)
  File "/Users/kevinmartinfernandez/opt/anaconda3/envs/M6_Video/lib/python3.9/urllib/request.py", line 632, in http_response
    response = self.parent.error(
  File "/Users/kevinmartinfernandez/opt/anaconda3/envs/M6_Video/lib/python3.9/urllib/request.py", line 561, in error
    return self._call_chain(*args)
  File "/Users/kevinmartinfernandez/opt/anaconda3/envs/M6_Video/lib/python3.9/urllib/request.py", line 494, in _call_chain
    result = func(*args)
  File "/Users/kevinmartinfernandez/opt/anaconda3/envs/M6_Video/lib/python3.9/urllib/request.py", line 641, in http_error_default
    raise HTTPError(req.full_url, code, msg, hdrs, fp)
urllib.error.HTTPError: HTTP Error 500: Internal Server Error
MSEN: 4.839492879505641
PEPN: 28.03508099300297
--- 4.784239292144775 seconds ---
---------------------------------
32 32 forward cv2 cv2.TM_CCOEFF 4
Error: failed to send plot to http://127.0.0.1:63342
Traceback (most recent call last):
  File "/Applications/PyCharm.app/Contents/plugins/python/helpers/pycharm_display/datalore/display/display_.py", line 76, in _send_display_message
    urllib_request.urlopen(url, buffer)
  File "/Users/kevinmartinfernandez/opt/anaconda3/envs/M6_Video/lib/python3.9/urllib/request.py", line 214, in urlopen
    return opener.open(url, data, timeout)
  File "/Users/kevinmartinfernandez/opt/anaconda3/envs/M6_Video/lib/python3.9/urllib/request.py", line 523, in open
    response = meth(req, response)
  File "/Users/kevinmartinfernandez/opt/anaconda3/envs/M6_Video/lib/python3.9/urllib/request.py", line 632, in http_response
    response = self.parent.error(
  File "/Users/kevinmartinfernandez/opt/anaconda3/envs/M6_Video/lib/python3.9/urllib/request.py", line 561, in error
    return self._call_chain(*args)
  File "/Users/kevinmartinfernandez/opt/anaconda3/envs/M6_Video/lib/python3.9/urllib/request.py", line 494, in _call_chain
    result = func(*args)
  File "/Users/kevinmartinfernandez/opt/anaconda3/envs/M6_Video/lib/python3.9/urllib/request.py", line 641, in http_error_default
    raise HTTPError(req.full_url, code, msg, hdrs, fp)
urllib.error.HTTPError: HTTP Error 500: Internal Server Error

During handling of the above exception, another exception occurred:

Traceback (most recent call last):
  File "/Applications/PyCharm.app/Contents/plugins/python/helpers/pycharm_display/datalore/display/display_.py", line 60, in try_empty_proxy
    urllib_request.urlopen(url, buffer)
  File "/Users/kevinmartinfernandez/opt/anaconda3/envs/M6_Video/lib/python3.9/urllib/request.py", line 214, in urlopen
    return opener.open(url, data, timeout)
  File "/Users/kevinmartinfernandez/opt/anaconda3/envs/M6_Video/lib/python3.9/urllib/request.py", line 523, in open
    response = meth(req, response)
  File "/Users/kevinmartinfernandez/opt/anaconda3/envs/M6_Video/lib/python3.9/urllib/request.py", line 632, in http_response
    response = self.parent.error(
  File "/Users/kevinmartinfernandez/opt/anaconda3/envs/M6_Video/lib/python3.9/urllib/request.py", line 561, in error
    return self._call_chain(*args)
  File "/Users/kevinmartinfernandez/opt/anaconda3/envs/M6_Video/lib/python3.9/urllib/request.py", line 494, in _call_chain
    result = func(*args)
  File "/Users/kevinmartinfernandez/opt/anaconda3/envs/M6_Video/lib/python3.9/urllib/request.py", line 641, in http_error_default
    raise HTTPError(req.full_url, code, msg, hdrs, fp)
urllib.error.HTTPError: HTTP Error 500: Internal Server Error
Error: failed to send plot to http://127.0.0.1:63342
Traceback (most recent call last):
  File "/Applications/PyCharm.app/Contents/plugins/python/helpers/pycharm_display/datalore/display/display_.py", line 76, in _send_display_message
    urllib_request.urlopen(url, buffer)
  File "/Users/kevinmartinfernandez/opt/anaconda3/envs/M6_Video/lib/python3.9/urllib/request.py", line 214, in urlopen
    return opener.open(url, data, timeout)
  File "/Users/kevinmartinfernandez/opt/anaconda3/envs/M6_Video/lib/python3.9/urllib/request.py", line 523, in open
    response = meth(req, response)
  File "/Users/kevinmartinfernandez/opt/anaconda3/envs/M6_Video/lib/python3.9/urllib/request.py", line 632, in http_response
    response = self.parent.error(
  File "/Users/kevinmartinfernandez/opt/anaconda3/envs/M6_Video/lib/python3.9/urllib/request.py", line 561, in error
    return self._call_chain(*args)
  File "/Users/kevinmartinfernandez/opt/anaconda3/envs/M6_Video/lib/python3.9/urllib/request.py", line 494, in _call_chain
    result = func(*args)
  File "/Users/kevinmartinfernandez/opt/anaconda3/envs/M6_Video/lib/python3.9/urllib/request.py", line 641, in http_error_default
    raise HTTPError(req.full_url, code, msg, hdrs, fp)
urllib.error.HTTPError: HTTP Error 500: Internal Server Error

During handling of the above exception, another exception occurred:

Traceback (most recent call last):
  File "/Applications/PyCharm.app/Contents/plugins/python/helpers/pycharm_display/datalore/display/display_.py", line 60, in try_empty_proxy
    urllib_request.urlopen(url, buffer)
  File "/Users/kevinmartinfernandez/opt/anaconda3/envs/M6_Video/lib/python3.9/urllib/request.py", line 214, in urlopen
    return opener.open(url, data, timeout)
  File "/Users/kevinmartinfernandez/opt/anaconda3/envs/M6_Video/lib/python3.9/urllib/request.py", line 523, in open
    response = meth(req, response)
  File "/Users/kevinmartinfernandez/opt/anaconda3/envs/M6_Video/lib/python3.9/urllib/request.py", line 632, in http_response
    response = self.parent.error(
  File "/Users/kevinmartinfernandez/opt/anaconda3/envs/M6_Video/lib/python3.9/urllib/request.py", line 561, in error
    return self._call_chain(*args)
  File "/Users/kevinmartinfernandez/opt/anaconda3/envs/M6_Video/lib/python3.9/urllib/request.py", line 494, in _call_chain
    result = func(*args)
  File "/Users/kevinmartinfernandez/opt/anaconda3/envs/M6_Video/lib/python3.9/urllib/request.py", line 641, in http_error_default
    raise HTTPError(req.full_url, code, msg, hdrs, fp)
urllib.error.HTTPError: HTTP Error 500: Internal Server Error
MSEN: 15.642388588628165
PEPN: 54.538483657624845
--- 4.856717109680176 seconds ---
---------------------------------
32 32 forward cv2 cv2.TM_CCOEFF_NORMED 4
Error: failed to send plot to http://127.0.0.1:63342
Traceback (most recent call last):
  File "/Applications/PyCharm.app/Contents/plugins/python/helpers/pycharm_display/datalore/display/display_.py", line 76, in _send_display_message
    urllib_request.urlopen(url, buffer)
  File "/Users/kevinmartinfernandez/opt/anaconda3/envs/M6_Video/lib/python3.9/urllib/request.py", line 214, in urlopen
    return opener.open(url, data, timeout)
  File "/Users/kevinmartinfernandez/opt/anaconda3/envs/M6_Video/lib/python3.9/urllib/request.py", line 523, in open
    response = meth(req, response)
  File "/Users/kevinmartinfernandez/opt/anaconda3/envs/M6_Video/lib/python3.9/urllib/request.py", line 632, in http_response
    response = self.parent.error(
  File "/Users/kevinmartinfernandez/opt/anaconda3/envs/M6_Video/lib/python3.9/urllib/request.py", line 561, in error
    return self._call_chain(*args)
  File "/Users/kevinmartinfernandez/opt/anaconda3/envs/M6_Video/lib/python3.9/urllib/request.py", line 494, in _call_chain
    result = func(*args)
  File "/Users/kevinmartinfernandez/opt/anaconda3/envs/M6_Video/lib/python3.9/urllib/request.py", line 641, in http_error_default
    raise HTTPError(req.full_url, code, msg, hdrs, fp)
urllib.error.HTTPError: HTTP Error 500: Internal Server Error

During handling of the above exception, another exception occurred:

Traceback (most recent call last):
  File "/Applications/PyCharm.app/Contents/plugins/python/helpers/pycharm_display/datalore/display/display_.py", line 60, in try_empty_proxy
    urllib_request.urlopen(url, buffer)
  File "/Users/kevinmartinfernandez/opt/anaconda3/envs/M6_Video/lib/python3.9/urllib/request.py", line 214, in urlopen
    return opener.open(url, data, timeout)
  File "/Users/kevinmartinfernandez/opt/anaconda3/envs/M6_Video/lib/python3.9/urllib/request.py", line 523, in open
    response = meth(req, response)
  File "/Users/kevinmartinfernandez/opt/anaconda3/envs/M6_Video/lib/python3.9/urllib/request.py", line 632, in http_response
    response = self.parent.error(
  File "/Users/kevinmartinfernandez/opt/anaconda3/envs/M6_Video/lib/python3.9/urllib/request.py", line 561, in error
    return self._call_chain(*args)
  File "/Users/kevinmartinfernandez/opt/anaconda3/envs/M6_Video/lib/python3.9/urllib/request.py", line 494, in _call_chain
    result = func(*args)
  File "/Users/kevinmartinfernandez/opt/anaconda3/envs/M6_Video/lib/python3.9/urllib/request.py", line 641, in http_error_default
    raise HTTPError(req.full_url, code, msg, hdrs, fp)
urllib.error.HTTPError: HTTP Error 500: Internal Server Error
MSEN: 3.4451579853723184
PEPN: 20.464871082143198
--- 4.936039209365845 seconds ---
---------------------------------
32 32 forward cv2 cv2.TM_CCORR 4
Error: failed to send plot to http://127.0.0.1:63342
Traceback (most recent call last):
  File "/Applications/PyCharm.app/Contents/plugins/python/helpers/pycharm_display/datalore/display/display_.py", line 76, in _send_display_message
    urllib_request.urlopen(url, buffer)
  File "/Users/kevinmartinfernandez/opt/anaconda3/envs/M6_Video/lib/python3.9/urllib/request.py", line 214, in urlopen
    return opener.open(url, data, timeout)
  File "/Users/kevinmartinfernandez/opt/anaconda3/envs/M6_Video/lib/python3.9/urllib/request.py", line 523, in open
    response = meth(req, response)
  File "/Users/kevinmartinfernandez/opt/anaconda3/envs/M6_Video/lib/python3.9/urllib/request.py", line 632, in http_response
    response = self.parent.error(
  File "/Users/kevinmartinfernandez/opt/anaconda3/envs/M6_Video/lib/python3.9/urllib/request.py", line 561, in error
    return self._call_chain(*args)
  File "/Users/kevinmartinfernandez/opt/anaconda3/envs/M6_Video/lib/python3.9/urllib/request.py", line 494, in _call_chain
    result = func(*args)
  File "/Users/kevinmartinfernandez/opt/anaconda3/envs/M6_Video/lib/python3.9/urllib/request.py", line 641, in http_error_default
    raise HTTPError(req.full_url, code, msg, hdrs, fp)
urllib.error.HTTPError: HTTP Error 500: Internal Server Error

During handling of the above exception, another exception occurred:

Traceback (most recent call last):
  File "/Applications/PyCharm.app/Contents/plugins/python/helpers/pycharm_display/datalore/display/display_.py", line 60, in try_empty_proxy
    urllib_request.urlopen(url, buffer)
  File "/Users/kevinmartinfernandez/opt/anaconda3/envs/M6_Video/lib/python3.9/urllib/request.py", line 214, in urlopen
    return opener.open(url, data, timeout)
  File "/Users/kevinmartinfernandez/opt/anaconda3/envs/M6_Video/lib/python3.9/urllib/request.py", line 523, in open
    response = meth(req, response)
  File "/Users/kevinmartinfernandez/opt/anaconda3/envs/M6_Video/lib/python3.9/urllib/request.py", line 632, in http_response
    response = self.parent.error(
  File "/Users/kevinmartinfernandez/opt/anaconda3/envs/M6_Video/lib/python3.9/urllib/request.py", line 561, in error
    return self._call_chain(*args)
  File "/Users/kevinmartinfernandez/opt/anaconda3/envs/M6_Video/lib/python3.9/urllib/request.py", line 494, in _call_chain
    result = func(*args)
  File "/Users/kevinmartinfernandez/opt/anaconda3/envs/M6_Video/lib/python3.9/urllib/request.py", line 641, in http_error_default
    raise HTTPError(req.full_url, code, msg, hdrs, fp)
urllib.error.HTTPError: HTTP Error 500: Internal Server Error
Error: failed to send plot to http://127.0.0.1:63342
Traceback (most recent call last):
  File "/Applications/PyCharm.app/Contents/plugins/python/helpers/pycharm_display/datalore/display/display_.py", line 76, in _send_display_message
    urllib_request.urlopen(url, buffer)
  File "/Users/kevinmartinfernandez/opt/anaconda3/envs/M6_Video/lib/python3.9/urllib/request.py", line 214, in urlopen
    return opener.open(url, data, timeout)
  File "/Users/kevinmartinfernandez/opt/anaconda3/envs/M6_Video/lib/python3.9/urllib/request.py", line 523, in open
    response = meth(req, response)
  File "/Users/kevinmartinfernandez/opt/anaconda3/envs/M6_Video/lib/python3.9/urllib/request.py", line 632, in http_response
    response = self.parent.error(
  File "/Users/kevinmartinfernandez/opt/anaconda3/envs/M6_Video/lib/python3.9/urllib/request.py", line 561, in error
    return self._call_chain(*args)
  File "/Users/kevinmartinfernandez/opt/anaconda3/envs/M6_Video/lib/python3.9/urllib/request.py", line 494, in _call_chain
    result = func(*args)
  File "/Users/kevinmartinfernandez/opt/anaconda3/envs/M6_Video/lib/python3.9/urllib/request.py", line 641, in http_error_default
    raise HTTPError(req.full_url, code, msg, hdrs, fp)
urllib.error.HTTPError: HTTP Error 500: Internal Server Error

During handling of the above exception, another exception occurred:

Traceback (most recent call last):
  File "/Applications/PyCharm.app/Contents/plugins/python/helpers/pycharm_display/datalore/display/display_.py", line 60, in try_empty_proxy
    urllib_request.urlopen(url, buffer)
  File "/Users/kevinmartinfernandez/opt/anaconda3/envs/M6_Video/lib/python3.9/urllib/request.py", line 214, in urlopen
    return opener.open(url, data, timeout)
  File "/Users/kevinmartinfernandez/opt/anaconda3/envs/M6_Video/lib/python3.9/urllib/request.py", line 523, in open
    response = meth(req, response)
  File "/Users/kevinmartinfernandez/opt/anaconda3/envs/M6_Video/lib/python3.9/urllib/request.py", line 632, in http_response
    response = self.parent.error(
  File "/Users/kevinmartinfernandez/opt/anaconda3/envs/M6_Video/lib/python3.9/urllib/request.py", line 561, in error
    return self._call_chain(*args)
  File "/Users/kevinmartinfernandez/opt/anaconda3/envs/M6_Video/lib/python3.9/urllib/request.py", line 494, in _call_chain
    result = func(*args)
  File "/Users/kevinmartinfernandez/opt/anaconda3/envs/M6_Video/lib/python3.9/urllib/request.py", line 641, in http_error_default
    raise HTTPError(req.full_url, code, msg, hdrs, fp)
urllib.error.HTTPError: HTTP Error 500: Internal Server Error
MSEN: 34.01827078052213
PEPN: 96.2570689159398
--- 5.0622782707214355 seconds ---
---------------------------------
32 32 forward cv2 cv2.TM_CCORR_NORMED 4
Error: failed to send plot to http://127.0.0.1:63342
Traceback (most recent call last):
  File "/Applications/PyCharm.app/Contents/plugins/python/helpers/pycharm_display/datalore/display/display_.py", line 76, in _send_display_message
    urllib_request.urlopen(url, buffer)
  File "/Users/kevinmartinfernandez/opt/anaconda3/envs/M6_Video/lib/python3.9/urllib/request.py", line 214, in urlopen
    return opener.open(url, data, timeout)
  File "/Users/kevinmartinfernandez/opt/anaconda3/envs/M6_Video/lib/python3.9/urllib/request.py", line 523, in open
    response = meth(req, response)
  File "/Users/kevinmartinfernandez/opt/anaconda3/envs/M6_Video/lib/python3.9/urllib/request.py", line 632, in http_response
    response = self.parent.error(
  File "/Users/kevinmartinfernandez/opt/anaconda3/envs/M6_Video/lib/python3.9/urllib/request.py", line 561, in error
    return self._call_chain(*args)
  File "/Users/kevinmartinfernandez/opt/anaconda3/envs/M6_Video/lib/python3.9/urllib/request.py", line 494, in _call_chain
    result = func(*args)
  File "/Users/kevinmartinfernandez/opt/anaconda3/envs/M6_Video/lib/python3.9/urllib/request.py", line 641, in http_error_default
    raise HTTPError(req.full_url, code, msg, hdrs, fp)
urllib.error.HTTPError: HTTP Error 500: Internal Server Error

During handling of the above exception, another exception occurred:

Traceback (most recent call last):
  File "/Applications/PyCharm.app/Contents/plugins/python/helpers/pycharm_display/datalore/display/display_.py", line 60, in try_empty_proxy
    urllib_request.urlopen(url, buffer)
  File "/Users/kevinmartinfernandez/opt/anaconda3/envs/M6_Video/lib/python3.9/urllib/request.py", line 214, in urlopen
    return opener.open(url, data, timeout)
  File "/Users/kevinmartinfernandez/opt/anaconda3/envs/M6_Video/lib/python3.9/urllib/request.py", line 523, in open
    response = meth(req, response)
  File "/Users/kevinmartinfernandez/opt/anaconda3/envs/M6_Video/lib/python3.9/urllib/request.py", line 632, in http_response
    response = self.parent.error(
  File "/Users/kevinmartinfernandez/opt/anaconda3/envs/M6_Video/lib/python3.9/urllib/request.py", line 561, in error
    return self._call_chain(*args)
  File "/Users/kevinmartinfernandez/opt/anaconda3/envs/M6_Video/lib/python3.9/urllib/request.py", line 494, in _call_chain
    result = func(*args)
  File "/Users/kevinmartinfernandez/opt/anaconda3/envs/M6_Video/lib/python3.9/urllib/request.py", line 641, in http_error_default
    raise HTTPError(req.full_url, code, msg, hdrs, fp)
urllib.error.HTTPError: HTTP Error 500: Internal Server Error
Error: failed to send plot to http://127.0.0.1:63342
Traceback (most recent call last):
  File "/Applications/PyCharm.app/Contents/plugins/python/helpers/pycharm_display/datalore/display/display_.py", line 76, in _send_display_message
    urllib_request.urlopen(url, buffer)
  File "/Users/kevinmartinfernandez/opt/anaconda3/envs/M6_Video/lib/python3.9/urllib/request.py", line 214, in urlopen
    return opener.open(url, data, timeout)
  File "/Users/kevinmartinfernandez/opt/anaconda3/envs/M6_Video/lib/python3.9/urllib/request.py", line 523, in open
    response = meth(req, response)
  File "/Users/kevinmartinfernandez/opt/anaconda3/envs/M6_Video/lib/python3.9/urllib/request.py", line 632, in http_response
    response = self.parent.error(
  File "/Users/kevinmartinfernandez/opt/anaconda3/envs/M6_Video/lib/python3.9/urllib/request.py", line 561, in error
    return self._call_chain(*args)
  File "/Users/kevinmartinfernandez/opt/anaconda3/envs/M6_Video/lib/python3.9/urllib/request.py", line 494, in _call_chain
    result = func(*args)
  File "/Users/kevinmartinfernandez/opt/anaconda3/envs/M6_Video/lib/python3.9/urllib/request.py", line 641, in http_error_default
    raise HTTPError(req.full_url, code, msg, hdrs, fp)
urllib.error.HTTPError: HTTP Error 500: Internal Server Error

During handling of the above exception, another exception occurred:

Traceback (most recent call last):
  File "/Applications/PyCharm.app/Contents/plugins/python/helpers/pycharm_display/datalore/display/display_.py", line 60, in try_empty_proxy
    urllib_request.urlopen(url, buffer)
  File "/Users/kevinmartinfernandez/opt/anaconda3/envs/M6_Video/lib/python3.9/urllib/request.py", line 214, in urlopen
    return opener.open(url, data, timeout)
  File "/Users/kevinmartinfernandez/opt/anaconda3/envs/M6_Video/lib/python3.9/urllib/request.py", line 523, in open
    response = meth(req, response)
  File "/Users/kevinmartinfernandez/opt/anaconda3/envs/M6_Video/lib/python3.9/urllib/request.py", line 632, in http_response
    response = self.parent.error(
  File "/Users/kevinmartinfernandez/opt/anaconda3/envs/M6_Video/lib/python3.9/urllib/request.py", line 561, in error
    return self._call_chain(*args)
  File "/Users/kevinmartinfernandez/opt/anaconda3/envs/M6_Video/lib/python3.9/urllib/request.py", line 494, in _call_chain
    result = func(*args)
  File "/Users/kevinmartinfernandez/opt/anaconda3/envs/M6_Video/lib/python3.9/urllib/request.py", line 641, in http_error_default
    raise HTTPError(req.full_url, code, msg, hdrs, fp)
urllib.error.HTTPError: HTTP Error 500: Internal Server Error
MSEN: 3.1057508215826775
PEPN: 19.74503977762868
--- 3.3487486839294434 seconds ---
---------------------------------
4 4 forward log Only 4
Error under execution
---------------------------------
4 8 forward log Only 4
Error under execution
---------------------------------
4 16 forward log Only 4
Error: failed to send plot to http://127.0.0.1:63342
Traceback (most recent call last):
  File "/Applications/PyCharm.app/Contents/plugins/python/helpers/pycharm_display/datalore/display/display_.py", line 76, in _send_display_message
    urllib_request.urlopen(url, buffer)
  File "/Users/kevinmartinfernandez/opt/anaconda3/envs/M6_Video/lib/python3.9/urllib/request.py", line 214, in urlopen
    return opener.open(url, data, timeout)
  File "/Users/kevinmartinfernandez/opt/anaconda3/envs/M6_Video/lib/python3.9/urllib/request.py", line 523, in open
    response = meth(req, response)
  File "/Users/kevinmartinfernandez/opt/anaconda3/envs/M6_Video/lib/python3.9/urllib/request.py", line 632, in http_response
    response = self.parent.error(
  File "/Users/kevinmartinfernandez/opt/anaconda3/envs/M6_Video/lib/python3.9/urllib/request.py", line 561, in error
    return self._call_chain(*args)
  File "/Users/kevinmartinfernandez/opt/anaconda3/envs/M6_Video/lib/python3.9/urllib/request.py", line 494, in _call_chain
    result = func(*args)
  File "/Users/kevinmartinfernandez/opt/anaconda3/envs/M6_Video/lib/python3.9/urllib/request.py", line 641, in http_error_default
    raise HTTPError(req.full_url, code, msg, hdrs, fp)
urllib.error.HTTPError: HTTP Error 500: Internal Server Error

During handling of the above exception, another exception occurred:

Traceback (most recent call last):
  File "/Applications/PyCharm.app/Contents/plugins/python/helpers/pycharm_display/datalore/display/display_.py", line 60, in try_empty_proxy
    urllib_request.urlopen(url, buffer)
  File "/Users/kevinmartinfernandez/opt/anaconda3/envs/M6_Video/lib/python3.9/urllib/request.py", line 214, in urlopen
    return opener.open(url, data, timeout)
  File "/Users/kevinmartinfernandez/opt/anaconda3/envs/M6_Video/lib/python3.9/urllib/request.py", line 523, in open
    response = meth(req, response)
  File "/Users/kevinmartinfernandez/opt/anaconda3/envs/M6_Video/lib/python3.9/urllib/request.py", line 632, in http_response
    response = self.parent.error(
  File "/Users/kevinmartinfernandez/opt/anaconda3/envs/M6_Video/lib/python3.9/urllib/request.py", line 561, in error
    return self._call_chain(*args)
  File "/Users/kevinmartinfernandez/opt/anaconda3/envs/M6_Video/lib/python3.9/urllib/request.py", line 494, in _call_chain
    result = func(*args)
  File "/Users/kevinmartinfernandez/opt/anaconda3/envs/M6_Video/lib/python3.9/urllib/request.py", line 641, in http_error_default
    raise HTTPError(req.full_url, code, msg, hdrs, fp)
urllib.error.HTTPError: HTTP Error 500: Internal Server Error
MSEN: 12.03177243092858
PEPN: 89.2073229176651
--- 8.342350721359253 seconds ---
---------------------------------
4 32 forward log Only 4
MSEN: 12.080940187151407
PEPN: 89.23799482411579
--- 6.148797988891602 seconds ---
---------------------------------
8 4 forward log Only 4
Error under execution
---------------------------------
8 8 forward log Only 4
Error under execution
---------------------------------
8 16 forward log Only 4
MSEN: 12.036960621664853
PEPN: 86.72481548931276
--- 1.7829058170318604 seconds ---
---------------------------------
8 32 forward log Only 4
MSEN: 12.11034871672171
PEPN: 87.00661362982844
--- 1.7436668872833252 seconds ---
---------------------------------
16 4 forward log Only 4
Error under execution
---------------------------------
16 8 forward log Only 4
Error under execution
---------------------------------
16 16 forward log Only 4
MSEN: 12.103018592857163
PEPN: 84.7608549793923
--- 0.7796440124511719 seconds ---
---------------------------------
16 32 forward log Only 4
MSEN: 12.28462935351864
PEPN: 85.23626952937794
--- 0.7117340564727783 seconds ---
---------------------------------
32 4 forward log Only 4
Error under execution
---------------------------------
32 8 forward log Only 4
Error under execution
---------------------------------
32 16 forward log Only 4
MSEN: 11.98949845716401
PEPN: 81.18086839835138
--- 0.4446101188659668 seconds ---
---------------------------------
32 32 forward log Only 4
MSEN: 12.052234980691036
PEPN: 82.03393079651107
--- 0.4282519817352295 seconds ---

Process finished with exit code 0
